0 info it worked if it ends with ok
1 verbose cli [ '/usr/bin/node', '/usr/bin/npm', 'start' ]
2 info using npm@3.5.2
3 info using node@v8.10.0
4 verbose run-script [ 'prestart', 'start', 'poststart' ]
5 info lifecycle resume-system@1.0.0~prestart: resume-system@1.0.0
6 silly lifecycle resume-system@1.0.0~prestart: no script for prestart, continuing
7 info lifecycle resume-system@1.0.0~start: resume-system@1.0.0
8 verbose lifecycle resume-system@1.0.0~start: unsafe-perm in lifecycle true
9 verbose lifecycle resume-system@1.0.0~start: PATH: /usr/share/npm/bin/node-gyp-bin:/home/shady/Works/resume-system/node_modules/.bin:/home/shady/.local/bin:/home/shady/.local/bin:/usr/local/sbin:/usr/local/bin:/usr/sbin:/usr/bin:/sbin:/bin:/usr/games:/usr/local/games:/snap/bin:/home/shady/Downloads/Compressed/flutter/bin:/home/shady/gecko/:/home/shady/anaconda3/bin:/home/shady/Works/learn_reactjs/node_modules/.bin/:/home/shady/Works/resume-system/node_modules/.bin/:/home/shady/Downloads/Compressed/flutter/bin:/home/shady/gecko/:/home/shady/anaconda3/bin:/home/shady/Works/learn_reactjs/node_modules/.bin/:/home/shady/Works/resume-system/node_modules/.bin/
10 verbose lifecycle resume-system@1.0.0~start: CWD: /home/shady/Works/resume-system
11 silly lifecycle resume-system@1.0.0~start: Args: [ '-c', 'nodemon app.js' ]
12 silly lifecycle resume-system@1.0.0~start: Returned: code: 137  signal: null
13 info lifecycle resume-system@1.0.0~start: Failed to exec start script
14 verbose stack Error: resume-system@1.0.0 start: `nodemon app.js`
14 verbose stack Exit status 137
14 verbose stack     at EventEmitter.<anonymous> (/usr/share/npm/lib/utils/lifecycle.js:232:16)
14 verbose stack     at emitTwo (events.js:126:13)
14 verbose stack     at EventEmitter.emit (events.js:214:7)
14 verbose stack     at ChildProcess.<anonymous> (/usr/share/npm/lib/utils/spawn.js:24:14)
14 verbose stack     at emitTwo (events.js:126:13)
14 verbose stack     at ChildProcess.emit (events.js:214:7)
14 verbose stack     at maybeClose (internal/child_process.js:925:16)
14 verbose stack     at Process.ChildProcess._handle.onexit (internal/child_process.js:209:5)
15 verbose pkgid resume-system@1.0.0
16 verbose cwd /home/shady/Works/resume-system
17 error Linux 5.0.0-36-generic
18 error argv "/usr/bin/node" "/usr/bin/npm" "start"
19 error node v8.10.0
20 error npm  v3.5.2
21 error code ELIFECYCLE
22 error resume-system@1.0.0 start: `nodemon app.js`
22 error Exit status 137
23 error Failed at the resume-system@1.0.0 start script 'nodemon app.js'.
23 error Make sure you have the latest version of node.js and npm installed.
23 error If you do, this is most likely a problem with the resume-system package,
23 error not with npm itself.
23 error Tell the author that this fails on your system:
23 error     nodemon app.js
23 error You can get information on how to open an issue for this project with:
23 error     npm bugs resume-system
23 error Or if that isn't available, you can get their info via:
23 error     npm owner ls resume-system
23 error There is likely additional logging output above.
24 verbose exit [ 1, true ]
